c:\dev\repos\c++\sigma encyptor 4.0\build\sigmaencryptor.dir\release\chacha20.obj
c:\dev\repos\c++\sigma encyptor 4.0\build\sigmaencryptor.dir\release\aes.obj
c:\dev\repos\c++\sigma encyptor 4.0\build\sigmaencryptor.dir\release\encryptor.obj
c:\dev\repos\c++\sigma encyptor 4.0\build\sigmaencryptor.dir\release\file_dialog.obj
c:\dev\repos\c++\sigma encyptor 4.0\build\sigmaencryptor.dir\release\theme.obj
c:\dev\repos\c++\sigma encyptor 4.0\build\sigmaencryptor.dir\release\ui.obj
c:\dev\repos\c++\sigma encyptor 4.0\build\sigmaencryptor.dir\release\renderer.obj
c:\dev\repos\c++\sigma encyptor 4.0\build\sigmaencryptor.dir\release\application.obj
c:\dev\repos\c++\sigma encyptor 4.0\build\sigmaencryptor.dir\release\main.obj
c:\dev\repos\c++\sigma encyptor 4.0\build\cmakefiles\generate.stamp
c:\dev\repos\c++\sigma encyptor 4.0\build\bin\release\sigmaencryptor.exe
c:\dev\repos\c++\sigma encyptor 4.0\build\bin\release\glfw3.dll
c:\dev\repos\c++\sigma encyptor 4.0\build\bin\release\libcrypto-3-x64.dll
c:\dev\repos\c++\sigma encyptor 4.0\build\sigmaencryptor.dir\release\sigmaencryptor.tlog\cl.command.1.tlog
c:\dev\repos\c++\sigma encyptor 4.0\build\sigmaencryptor.dir\release\sigmaencryptor.tlog\cl.items.tlog
c:\dev\repos\c++\sigma encyptor 4.0\build\sigmaencryptor.dir\release\sigmaencryptor.tlog\cl.read.1.tlog
c:\dev\repos\c++\sigma encyptor 4.0\build\sigmaencryptor.dir\release\sigmaencryptor.tlog\cl.write.1.tlog
c:\dev\repos\c++\sigma encyptor 4.0\build\sigmaencryptor.dir\release\sigmaencryptor.tlog\custombuild.command.1.tlog
c:\dev\repos\c++\sigma encyptor 4.0\build\sigmaencryptor.dir\release\sigmaencryptor.tlog\custombuild.read.1.tlog
c:\dev\repos\c++\sigma encyptor 4.0\build\sigmaencryptor.dir\release\sigmaencryptor.tlog\custombuild.write.1.tlog
c:\dev\repos\c++\sigma encyptor 4.0\build\sigmaencryptor.dir\release\sigmaencryptor.tlog\link.command.1.tlog
c:\dev\repos\c++\sigma encyptor 4.0\build\sigmaencryptor.dir\release\sigmaencryptor.tlog\link.read.1.tlog
c:\dev\repos\c++\sigma encyptor 4.0\build\sigmaencryptor.dir\release\sigmaencryptor.tlog\link.secondary.1.tlog
c:\dev\repos\c++\sigma encyptor 4.0\build\sigmaencryptor.dir\release\sigmaencryptor.tlog\link.write.1.tlog
c:\dev\repos\c++\sigma encyptor 4.0\build\sigmaencryptor.dir\release\sigmaencryptor.tlog\sigmaencryptor.write.1u.tlog
